<?xml version="1.0" encoding="UTF-8"?>
<!-- Generated by org.testng.reporters.JUnitXMLReporter -->
<testsuite hostname="DESKTOP-U4382HU" ignored="0" name="SuiteTests" tests="3" failures="0" timestamp="07 Jul 2020 04:52:29 GMT" time="0.046" errors="0">
  <testcase name="firstTestCase" time="0.011" classname="testNGActivities.Activity4DemoOne"/>
  <testcase name="secondTestCase" time="0.002" classname="testNGActivities.Activity4DemoOne"/>
  <testcase name="TestCase" time="0.004" classname="testNGActivities.Activity4DemoTwo"/>
</testsuite> <!-- SuiteTests -->
