<?xml version="1.0" encoding="UTF-8"?>
<!-- Generated by org.testng.reporters.JUnitXMLReporter -->
<testsuite hostname="DESKTOP-U4382HU" ignored="0" name="Tests" tests="3" failures="0" timestamp="09 Jul 2020 04:45:49 GMT" time="10.872" errors="0">
  <testcase name="simpleAlertTestCase" time="0.117" classname="testNGActivities.Activity9"/>
  <testcase name="confirmAlertTestCase" time="0.194" classname="testNGActivities.Activity9"/>
  <testcase name="promptAlertTestCase" time="0.109" classname="testNGActivities.Activity9"/>
</testsuite> <!-- Tests -->
